<component name="libraryTable">
  <library name="junit-4.13.1">
    <CLASSES>
      <root url="jar://$PROJECT_DIR$/web/WEB-INF/lib/junit-4.13.1.jar!/" />
      <root url="jar://$PROJECT_DIR$/web/WEB-INF/lib/junit-jupiter-5.7.0.jar!/" />
      <root url="jar://$PROJECT_DIR$/web/WEB-INF/lib/junit-jupiter-api-5.7.0.jar!/" />
      <root url="jar://$PROJECT_DIR$/web/WEB-INF/lib/junit-jupiter-engine-5.7.0.jar!/" />
      <root url="jar://$PROJECT_DIR$/web/WEB-INF/lib/junit-jupiter-params-5.7.0.jar!/" />
      <root url="jar://$PROJECT_DIR$/web/WEB-INF/lib/junit-platform-commons-1.7.0.jar!/" />
      <root url="jar://$PROJECT_DIR$/web/WEB-INF/lib/junit-platform-engine-1.7.0.jar!/" />
    </CLASSES>
    <JAVADOC />
    <SOURCES />
  </library>
</component>